# Educational password recovery results generated in a controlled lab environment
# MD5 hashes recovered using Hashcat and dictionary attacks

0f5ae32bb529a882a1130fa7e9d83eb0:Imhungry
16f33f9559e0bfecf2fc01eab3f86ccd:Snoopy04
1c04ef65e26d19ec4419167d73c6eb3f:heaven4u
207bd7a73609ff57272e77582b8e2f6f:-------
268a155aaa52b56ddc96121a1fd85857:doll
2d5af484abe48d23ae1ccb70021328ad:Passwd12
336788e5202e88dadf2b9c9e61198594:rodie08
372b8bac8515639d85628f0305677467:strongpassword123
379754ddf00ca80b27f00fb18036a1d0:chocolate7
3cc31cd246149aec68079241e71e98f6:Pa$$w0rd
47772c62b3913dc0b102d03a5c5ff351:--------
479eb1b28616f87a377e7e0654866f06:Happy!3
482c811da5d5b4bc6d497ffa98491e38:password123
4a2c19054a67b51953afbbf28a827cfc:friedchicken
57f842286171094855e51fc3a541c1e2:halo
5a72bd4fded2b9bc15a43b57e9ac8acd:coolguy69
6212da0795eb252904433459bb1732b1:Ilovesushi
62ba9f4ffd21705d93a68d71e693f800:528870
688937ccaf2a2b0c45a1c9bbba09698d:June
6d13c822311b83b8bac9ff6a80850b74:godisgreat
6fabd3361ee02106337800f8abffec1b:alcapone
747002da4273290ef59091f9db954dcf:bestpassword
8ba5c1c5015c955a5b142debe35c30ff:Sixteen
8d6ab84ca2af9fccd4e4048694176ebf:menu
97bf34d31a8710e6b1649fd33357f783:pa55w0rd
a560b1ca4d01f8ebfe89247ff7df6a88:sharkbait
b5651363cc0832261cca8a9702074388:Hell yeah
b7e283a09511d95d6eac86e39e7942c0:password123!
c47d187067c6cf953245f128b5fde62a:word
c4fab4603de490e6698b15166c23fdb8:twins94
cfeace101691eb951423acab74226b55:Summer13
d52fc241b4218a36c0113ada81411f82:iloveadon
de94fa16fa01dc28f4e83fa005e2b4f4:Greenm0nster
e426a6037b9a23ff00e5f5f9aaf98f76:indubitably
e807f1fcf82d132f9bb018ca6738a19f:1234567890
e99a18c428cb38d5f260853678922e03:abc123
f30e764dee28027b7bcd98e236db986e:pandas4ever
f5d39c061d6f80fa4de7b89020c594c8:jackstevens

Line 5 and 12 were redacted for immature content